#
# There is insufficient memory for the Java Runtime Environment to continue.
# Native memory allocation (malloc) failed to allocate 1048576 bytes for AllocateHeap
# Possible reasons:
#   The system is out of physical RAM or swap space
#   In 32 bit mode, the process size limit was hit
# Possible solutions:
#   Reduce memory load on the system
#   Increase physical memory or swap space
#   Check if swap backing store is full
#   Use 64 bit Java on a 64 bit OS
#   Decrease Java heap size (-Xmx/-Xms)
#   Decrease number of Java threads
#   Decrease Java thread stack sizes (-Xss)
#   Set larger code cache with -XX:ReservedCodeCacheSize=
# This output file may be truncated or incomplete.
#
#  Out of Memory Error (memory/allocation.inline.hpp:61), pid=144084, tid=0x00000000000235e8
#
# JRE version:  (8.0_141-b15) (build )
# Java VM: Java HotSpot(TM) 64-Bit Server VM (25.141-b15 mixed mode windows-amd64 compressed oops)
# Failed to write core dump. Minidumps are not enabled by default on client versions of Windows
#

---------------  T H R E A D  ---------------

Current thread (0x00000000021e8000):  JavaThread "Unknown thread" [_thread_in_vm, id=144872, stack(0x0000000002280000,0x0000000002380000)]

Stack: [0x0000000002280000,0x0000000002380000]
[error occurred during error reporting (printing stack bounds), id 0xc0000005]

Native frames: (J=compiled Java code, j=interpreted, Vv=VM code, C=native code)


---------------  P R O C E S S  ---------------

Java Threads: ( => current thread )

Other Threads:

=>0x00000000021e8000 (exited) JavaThread "Unknown thread" [_thread_in_vm, id=144872, stack(0x0000000002280000,0x0000000002380000)]

VM state:not at safepoint (normal execution)

VM Mutex/Monitor currently owned by a thread: None

Heap:
 PSYoungGen      total 75776K, used 1300K [0x000000076b600000, 0x0000000770a80000, 0x00000007c0000000)
  eden space 65024K, 2% used [0x000000076b600000,0x000000076b7451f8,0x000000076f580000)
  from space 10752K, 0% used [0x0000000770000000,0x0000000770000000,0x0000000770a80000)
  to   space 10752K, 0% used [0x000000076f580000,0x000000076f580000,0x0000000770000000)
 ParOldGen       total 173568K, used 0K [0x00000006c2200000, 0x00000006ccb80000, 0x000000076b600000)
  object space 173568K, 0% used [0x00000006c2200000,0x00000006c2200000,0x00000006ccb80000)
 Metaspace       used 746K, capacity 4480K, committed 4480K, reserved 1056768K
  class space    used 75K, capacity 384K, committed 384K, reserved 1048576K

Card table byte_map: [0x0000000011ad0000,0x00000000122c0000] byte_map_base: 0x000000000e4bf000

Marking Bits: (ParMarkBitMap*) 0x0000000077f7d850
 Begin Bits: [0x0000000013570000, 0x00000000174e8000)
 End Bits:   [0x00000000174e8000, 0x000000001b460000)

Polling page: 0x00000000001b0000

CodeCache: size=245760Kb used=328Kb max_used=328Kb free=245431Kb
 bounds [0x0000000002710000, 0x0000000002980000, 0x0000000011710000]
 total_blobs=58 nmethods=0 adapters=38
 compilation: enabled

Compilation events (0 events):
No events

GC Heap History (0 events):
No events

Deoptimization events (0 events):
No events

Internal exceptions (0 events):
No events

Events (10 events):
Event: 0.014 loading class java/lang/Short
Event: 0.015 loading class java/lang/Short done
Event: 0.015 loading class java/lang/Integer
Event: 0.015 loading class java/lang/Integer done
Event: 0.015 loading class java/lang/Long
Event: 0.015 loading class java/lang/Long done
Event: 0.015 loading class java/lang/NullPointerException
Event: 0.015 loading class java/lang/NullPointerException done
Event: 0.015 loading class java/lang/ArithmeticException
Event: 0.015 loading class java/lang/ArithmeticException done


Dynamic libraries:
0x000000013f3f0000 - 0x000000013f427000 	C:\Program Files\Java\jre1.8.0_141\bin\javaw.exe
0x0000000077040000 - 0x00000000771ea000 	C:\Windows\SYSTEM32\ntdll.dll
0x0000000076f20000 - 0x000000007703f000 	C:\Windows\system32\kernel32.dll
0x000007fefcd50000 - 0x000007fefcdba000 	C:\Windows\system32\KERNELBASE.dll
0x000007fefd330000 - 0x000007fefd40b000 	C:\Windows\system32\ADVAPI32.dll
0x000007fefdc80000 - 0x000007fefdd1f000 	C:\Windows\system32\msvcrt.dll
0x000007fefd410000 - 0x000007fefd42f000 	C:\Windows\SYSTEM32\sechost.dll
0x000007fefef70000 - 0x000007feff09d000 	C:\Windows\system32\RPCRT4.dll
0x0000000076e20000 - 0x0000000076f1a000 	C:\Windows\system32\USER32.dll
0x000007fefd630000 - 0x000007fefd697000 	C:\Windows\system32\GDI32.dll
0x000007feff0a0000 - 0x000007feff0ae000 	C:\Windows\system32\LPK.dll
0x000007feff0b0000 - 0x000007feff17b000 	C:\Windows\system32\USP10.dll
0x000007fefb630000 - 0x000007fefb824000 	C:\Windows\WinSxS\amd64_microsoft.windows.common-controls_6595b64144ccf1df_6.0.7601.18837_none_fa3b1e3d17594757\COMCTL32.dll
0x000007feff2d0000 - 0x000007feff341000 	C:\Windows\system32\SHLWAPI.dll
0x000007fefd2a0000 - 0x000007fefd2ce000 	C:\Windows\system32\IMM32.DLL
0x000007fefd0f0000 - 0x000007fefd1f9000 	C:\Windows\system32\MSCTF.dll
0x00000000643a0000 - 0x0000000064472000 	C:\Program Files\Java\jre1.8.0_141\bin\msvcr100.dll
0x0000000077760000 - 0x0000000077ffd000 	C:\Program Files\Java\jre1.8.0_141\bin\server\jvm.dll
0x000007fee53e0000 - 0x000007fee53e9000 	C:\Windows\system32\WSOCK32.dll
0x000007feff1a0000 - 0x000007feff1ed000 	C:\Windows\system32\WS2_32.dll
0x000007fefe1d0000 - 0x000007fefe1d8000 	C:\Windows\system32\NSI.dll
0x000007fefa550000 - 0x000007fefa58b000 	C:\Windows\system32\WINMM.dll
0x000007fefbdf0000 - 0x000007fefbdfc000 	C:\Windows\system32\VERSION.dll
0x0000000077210000 - 0x0000000077217000 	C:\Windows\system32\PSAPI.DLL
0x000000006a610000 - 0x000000006a61f000 	C:\Program Files\Java\jre1.8.0_141\bin\verify.dll
0x00000000699f0000 - 0x0000000069a19000 	C:\Program Files\Java\jre1.8.0_141\bin\java.dll
0x00000000697e0000 - 0x00000000697f6000 	C:\Program Files\Java\jre1.8.0_141\bin\zip.dll

VM Arguments:
jvm_args: -Dfile.encoding=Cp1252 
java_command: UserInterface.MainFrame
java_class_path (initial): C:\Program Files\Java\jre1.8.0_141\lib\resources.jar;C:\Program Files\Java\jre1.8.0_141\lib\rt.jar;C:\Program Files\Java\jre1.8.0_141\lib\jsse.jar;C:\Program Files\Java\jre1.8.0_141\lib\jce.jar;C:\Program Files\Java\jre1.8.0_141\lib\charsets.jar;C:\Program Files\Java\jre1.8.0_141\lib\jfr.jar;C:\Program Files\Java\jre1.8.0_141\lib\ext\access-bridge-64.jar;C:\Program Files\Java\jre1.8.0_141\lib\ext\cldrdata.jar;C:\Program Files\Java\jre1.8.0_141\lib\ext\dnsns.jar;C:\Program Files\Java\jre1.8.0_141\lib\ext\jaccess.jar;C:\Program Files\Java\jre1.8.0_141\lib\ext\jfxrt.jar;C:\Program Files\Java\jre1.8.0_141\lib\ext\localedata.jar;C:\Program Files\Java\jre1.8.0_141\lib\ext\nashorn.jar;C:\Program Files\Java\jre1.8.0_141\lib\ext\sunec.jar;C:\Program Files\Java\jre1.8.0_141\lib\ext\sunjce_provider.jar;C:\Program Files\Java\jre1.8.0_141\lib\ext\sunmscapi.jar;C:\Program Files\Java\jre1.8.0_141\lib\ext\sunpkcs11.jar;C:\Program Files\Java\jre1.8.0_141\lib\ext\zipfs.jar;D:\git\TERS\bin
Launcher Type: SUN_STANDARD

Environment Variables:
JAVA_HOME=C:\Program Files\Java\jdk1.8.0_40\
USERNAME=User
OS=Windows_NT
PROCESSOR_IDENTIFIER=Intel64 Family 6 Model 60 Stepping 3, GenuineIntel



---------------  S Y S T E M  ---------------

OS: Windows 7 , 64 bit Build 7601 (6.1.7601.23864)

CPU:total 8 (initial active 8) (4 cores per cpu, 2 threads per core) family 6 model 60 stepping 3, cmov, cx8, fxsr, mmx, sse, sse2, sse3, ssse3, sse4.1, sse4.2, popcnt, avx, avx2, aes, clmul, erms, lzcnt, ht, tsc, tscinvbit, bmi1, bmi2

Memory: 4k page, physical 16634780k(7101444k free), swap 16632920k(5268k free)

vm_info: Java HotSpot(TM) 64-Bit Server VM (25.141-b15) for windows-amd64 JRE (1.8.0_141-b15), built on Jul 12 2017 04:25:12 by "java_re" with MS VC++ 10.0 (VS2010)

time: Thu Nov 09 00:01:52 2017
elapsed time: 0 seconds (0d 0h 0m 0s)

